<?xml version="1.0" encoding="UTF-8"?>
<!-- Generated by org.testng.reporters.JUnitReportReporter -->
<testsuite hostname="APPLEs-MacBook-Air.local" failures="0" tests="2" name="runners.demotestrun" time="79.265" errors="1" timestamp="2025-08-25T17:02:22 IST" skipped="0">
  <testcase classname="runners.demotestrun" name="runScenario" time="38.263">
    <error message="element click intercepted: Element &lt;input name=&quot;submit&quot; type=&quot;submit&quot; src=&quot;images/submit.gif&quot; width=&quot;60&quot; height=&quot;23&quot; border=&quot;0&quot;&gt; is not clickable at point (394, 441). Other element would receive the click: &lt;div data-v-17c36348=&quot;&quot; class=&quot;cb-box__wrapper-center_modal fade-enter fade-enter-active&quot; style=&quot;&quot;&gt;...&lt;/div&gt;
  (Session info: chrome=139.0.7258.139)
Build info: version: &#039;4.31.0&#039;, revision: &#039;1ef9f18787*&#039;
System info: os.name: &#039;Mac OS X&#039;, os.arch: &#039;x86_64&#039;, os.version: &#039;12.7.6&#039;, java.version: &#039;21.0.7&#039;
Driver info: org.openqa.selenium.chrome.ChromeDriver
Command: [4ffb85714c34d2cdf6fee9b81a823f05, clickElement {id=f.9F82E4DCD018814311F84355FBACD7E8.d.7B73C5789F28E42B514CC89E1A596201.e.27}]
Capabilities {acceptInsecureCerts: false, browserName: chrome, browserVersion: 139.0.7258.139, chrome: {chromedriverVersion: 139.0.7258.138 (884e54ea8d4..., userDataDir: /var/folders/ml/k6srj4vj4qd...}, fedcm:accounts: true, goog:chromeOptions: {debuggerAddress: localhost:56428}, networkConnectionEnabled: false, pageLoadStrategy: normal, platformName: mac, proxy: Proxy(), se:cdp: ws://localhost:56428/devtoo..., se:cdpVersion: 139.0.7258.139, setWindowRect: true, strictFileInteractability: false, timeouts: {implicit: 0, pageLoad: 300000, script: 30000}, unhandledPromptBehavior: dismiss and notify, webauthn:extension:credBlob: true, webauthn:extension:largeBlob: true, webauthn:extension:minPinLength: true, webauthn:extension:prf: true, webauthn:virtualAuthenticators: true}
Element: [[ChromeDriver: chrome on mac (4ffb85714c34d2cdf6fee9b81a823f05)] -&gt; xpath: //input[@name=&#039;submit&#039;]]
Session ID: 4ffb85714c34d2cdf6fee9b81a823f05" type="org.openqa.selenium.ElementClickInterceptedException">
      <![CDATA[org.openqa.selenium.ElementClickInterceptedException: element click intercepted: Element <input name="submit" type="submit" src="images/submit.gif" width="60" height="23" border="0"> is not clickable at point (394, 441). Other element would receive the click: <div data-v-17c36348="" class="cb-box__wrapper-center_modal fade-enter fade-enter-active" style="">...</div>
  (Session info: chrome=139.0.7258.139)
Build info: version: '4.31.0', revision: '1ef9f18787*'
System info: os.name: 'Mac OS X', os.arch: 'x86_64', os.version: '12.7.6', java.version: '21.0.7'
Driver info: org.openqa.selenium.chrome.ChromeDriver
Command: [4ffb85714c34d2cdf6fee9b81a823f05, clickElement {id=f.9F82E4DCD018814311F84355FBACD7E8.d.7B73C5789F28E42B514CC89E1A596201.e.27}]
Capabilities {acceptInsecureCerts: false, browserName: chrome, browserVersion: 139.0.7258.139, chrome: {chromedriverVersion: 139.0.7258.138 (884e54ea8d4..., userDataDir: /var/folders/ml/k6srj4vj4qd...}, fedcm:accounts: true, goog:chromeOptions: {debuggerAddress: localhost:56428}, networkConnectionEnabled: false, pageLoadStrategy: normal, platformName: mac, proxy: Proxy(), se:cdp: ws://localhost:56428/devtoo..., se:cdpVersion: 139.0.7258.139, setWindowRect: true, strictFileInteractability: false, timeouts: {implicit: 0, pageLoad: 300000, script: 30000}, unhandledPromptBehavior: dismiss and notify, webauthn:extension:credBlob: true, webauthn:extension:largeBlob: true, webauthn:extension:minPinLength: true, webauthn:extension:prf: true, webauthn:virtualAuthenticators: true}
Element: [[ChromeDriver: chrome on mac (4ffb85714c34d2cdf6fee9b81a823f05)] -> xpath: //input[@name='submit']]
Session ID: 4ffb85714c34d2cdf6fee9b81a823f05
at java.base/jdk.internal.reflect.DirectConstructorHandleAccessor.newInstance(DirectConstructorHandleAccessor.java:62)
at java.base/java.lang.reflect.Constructor.newInstanceWithCaller(Constructor.java:502)
at java.base/java.lang.reflect.Constructor.newInstance(Constructor.java:486)
at org.openqa.selenium.remote.ErrorCodec.decode(ErrorCodec.java:167)
at org.openqa.selenium.remote.codec.w3c.W3CHttpResponseCodec.decode(W3CHttpResponseCodec.java:138)
at org.openqa.selenium.remote.codec.w3c.W3CHttpResponseCodec.decode(W3CHttpResponseCodec.java:50)
at org.openqa.selenium.remote.HttpCommandExecutor.execute(HttpCommandExecutor.java:215)
at org.openqa.selenium.remote.service.DriverCommandExecutor.invokeExecute(DriverCommandExecutor.java:216)
at org.openqa.selenium.remote.service.DriverCommandExecutor.execute(DriverCommandExecutor.java:174)
at org.openqa.selenium.remote.RemoteWebDriver.execute(RemoteWebDriver.java:545)
at org.openqa.selenium.remote.RemoteWebElement.execute(RemoteWebElement.java:223)
at org.openqa.selenium.remote.RemoteWebElement.click(RemoteWebElement.java:76)
at pages.demoguru.clickSubmit(demoguru.java:94)
at stepDefinitions.gurudemo.user_clicks_submit(gurudemo.java:74)
at âœ½.the user clicks on the submit button(file:///Users/apple/Documents/eclipse%20java%20programs/CucumberBDDProject/src/test/resources/Features/demoguru.feature:16)
]]>
    </error>
  </testcase> <!-- runScenario -->
  <testcase classname="runners.demotestrun" name="runScenario" time="41.002"/>
</testsuite> <!-- runners.demotestrun -->
