<?xml version="1.0" encoding="UTF-8"?>
<!-- Generated by org.testng.reporters.JUnitXMLReporter -->
<testsuite ignored="0" hostname="APPLEs-MacBook-Air.local" failures="2" tests="3" name="Form Automation Tests" time="129.215" errors="0" timestamp="2025-08-23T11:24:16 IST">
  <testcase classname="test_ng.FormFillingTestALL" name="validatePageTitle" time="88.501">
    <failure type="java.lang.AssertionError" message="❌ Title does not contain &amp;apos;Practice&amp;apos; expected [true] but found [false]">
      <![CDATA[java.lang.AssertionError: ❌ Title does not contain 'Practice' expected [true] but found [false]
at test_ng.FormFillingTestALL.validatePageTitle(FormFillingTestALL.java:87)
at java.base/java.util.ArrayList.forEach(ArrayList.java:1596)
... Removed 32 stack frames]]>
    </failure>
  </testcase> <!-- validatePageTitle -->
  <testcase classname="test_ng.FormFillingTestALL" name="fillForm" time="24.592">
    <failure type="org.openqa.selenium.InvalidArgumentException" message="invalid argument: File not found : C:\Users\HP\OneDrive\Pictures\Screenshots\Screenshot 2025-08-16 120806.png
  (Session info: chrome=139.0.7258.139)
Build info: version: &amp;apos;4.11.0&amp;apos;, revision: &amp;apos;040bc5406b&amp;apos;
System info: os.name: &amp;apos;Mac OS X&amp;apos;, os.arch: &amp;apos;x86_64&amp;apos;, os.version: &amp;apos;12.7.6&amp;apos;, java.version: &amp;apos;21.0.7&amp;apos;
Driver info: org.openqa.selenium.chrome.ChromeDriver
Command: [97582b922d1eaea91274f2d32d619946, sendKeysToElement {id=f.36E1D0A15B9119875FA498C3E5F1BDAA.d.2F7C64117B86F94F604E3A86ED7942A7.e.159, value=[Ljava.lang.CharSequence;@3811510}]
Capabilities {acceptInsecureCerts: false, browserName: chrome, browserVersion: 139.0.7258.139, chrome: {chromedriverVersion: 139.0.7258.138 (884e54ea8d4..., userDataDir: /var/folders/ml/k6srj4vj4qd...}, fedcm:accounts: true, goog:chromeOptions: {debuggerAddress: localhost:49999}, networkConnectionEnabled: false, pageLoadStrategy: normal, platformName: mac, proxy: Proxy(), se:cdp: ws://localhost:49999/devtoo..., se:cdpVersion: 139.0.7258.139, setWindowRect: true, strictFileInteractability: false, timeouts: {implicit: 0, pageLoad: 300000, script: 30000}, unhandledPromptBehavior: dismiss and notify, webauthn:extension:credBlob: true, webauthn:extension:largeBlob: true, webauthn:extension:minPinLength: true, webauthn:extension:prf: true, webauthn:virtualAuthenticators: true}
Element: [[ChromeDriver: chrome on mac (97582b922d1eaea91274f2d32d619946)] -&amp;gt; xpath: //input[@id=&amp;apos;photo&amp;apos;]]
Session ID: 97582b922d1eaea91274f2d32d619946">
      <![CDATA[org.openqa.selenium.InvalidArgumentException: invalid argument: File not found : C:\Users\HP\OneDrive\Pictures\Screenshots\Screenshot 2025-08-16 120806.png
  (Session info: chrome=139.0.7258.139)
Build info: version: '4.11.0', revision: '040bc5406b'
System info: os.name: 'Mac OS X', os.arch: 'x86_64', os.version: '12.7.6', java.version: '21.0.7'
Driver info: org.openqa.selenium.chrome.ChromeDriver
Command: [97582b922d1eaea91274f2d32d619946, sendKeysToElement {id=f.36E1D0A15B9119875FA498C3E5F1BDAA.d.2F7C64117B86F94F604E3A86ED7942A7.e.159, value=[Ljava.lang.CharSequence;@3811510}]
Capabilities {acceptInsecureCerts: false, browserName: chrome, browserVersion: 139.0.7258.139, chrome: {chromedriverVersion: 139.0.7258.138 (884e54ea8d4..., userDataDir: /var/folders/ml/k6srj4vj4qd...}, fedcm:accounts: true, goog:chromeOptions: {debuggerAddress: localhost:49999}, networkConnectionEnabled: false, pageLoadStrategy: normal, platformName: mac, proxy: Proxy(), se:cdp: ws://localhost:49999/devtoo..., se:cdpVersion: 139.0.7258.139, setWindowRect: true, strictFileInteractability: false, timeouts: {implicit: 0, pageLoad: 300000, script: 30000}, unhandledPromptBehavior: dismiss and notify, webauthn:extension:credBlob: true, webauthn:extension:largeBlob: true, webauthn:extension:minPinLength: true, webauthn:extension:prf: true, webauthn:virtualAuthenticators: true}
Element: [[ChromeDriver: chrome on mac (97582b922d1eaea91274f2d32d619946)] -> xpath: //input[@id='photo']]
Session ID: 97582b922d1eaea91274f2d32d619946
at org.openqa.selenium.remote.codec.w3c.W3CHttpResponseCodec.createException(W3CHttpResponseCodec.java:200)
at org.openqa.selenium.remote.codec.w3c.W3CHttpResponseCodec.decode(W3CHttpResponseCodec.java:133)
at org.openqa.selenium.remote.codec.w3c.W3CHttpResponseCodec.decode(W3CHttpResponseCodec.java:52)
at org.openqa.selenium.remote.HttpCommandExecutor.execute(HttpCommandExecutor.java:191)
at org.openqa.selenium.remote.service.DriverCommandExecutor.invokeExecute(DriverCommandExecutor.java:196)
at org.openqa.selenium.remote.service.DriverCommandExecutor.execute(DriverCommandExecutor.java:171)
at org.openqa.selenium.remote.RemoteWebDriver.execute(RemoteWebDriver.java:518)
at org.openqa.selenium.remote.RemoteWebElement.execute(RemoteWebElement.java:224)
at org.openqa.selenium.remote.RemoteWebElement.sendKeys(RemoteWebElement.java:111)
at test_ng.FormFillingTestALL.fillForm(FormFillingTestALL.java:151)
at java.base/java.util.ArrayList.forEach(ArrayList.java:1596)
... Removed 32 stack frames]]>
    </failure>
  </testcase> <!-- fillForm -->
  <testcase classname="test_ng.FormFillingTestALL" name="testWaitsAndLoginDemo" time="4.81"/>
</testsuite> <!-- Form Automation Tests -->
