<?xml version="1.0" encoding="UTF-8"?>
<!-- Generated by org.testng.reporters.JUnitReportReporter -->
<testsuite hostname="APPLEs-MacBook-Air.local" failures="0" tests="5" name="test_ng.FormFillingTest" time="12.141" errors="1" timestamp="2025-08-19T09:14:49 IST" skipped="3">
  <testcase classname="test_ng.FormFillingTest" name="fillBasicDetails" time="10.605"/>
  <testcase classname="test_ng.FormFillingTest" name="selectProfessionAndTools" time="1.532">
    <error message="element click intercepted: Element &lt;input id=&quot;tool-2&quot; name=&quot;tool&quot; style=&quot;font-size:14px;margin:0;padding:0;vertical-align:baseline&quot; type=&quot;checkbox&quot; value=&quot;Selenium Webdriver&quot;&gt; is not clickable at point (526, 659). Other element would receive the click: &lt;iframe frameborder=&quot;0&quot; src=&quot;https://3e0c284cfe1bbd71030c0c15283074ec.safeframe.googlesyndication.com/safeframe/1-0-45/html/container.html&quot; id=&quot;google_ads_iframe_/23202726502,22662382379/techlistic_com-medrectangle-2_0&quot; title=&quot;3rd party ad content&quot; name=&quot;&quot; scrolling=&quot;no&quot; marginwidth=&quot;0&quot; marginheight=&quot;0&quot; width=&quot;1005&quot; height=&quot;124&quot; data-is-safeframe=&quot;true&quot; sandbox=&quot;allow-forms allow-popups allow-popups-to-escape-sandbox allow-same-origin allow-scripts allow-top-navigation-by-user-activation&quot; allow=&quot;private-state-token-redemption;attribution-reporting&quot; aria-label=&quot;Advertisement&quot; tabindex=&quot;0&quot; data-google-container-id=&quot;3&quot; style=&quot;border: 0px; vertical-align: bottom; display: block; margin: 0px auto; max-height: 30vh !important; overflow: hidden !important;&quot; data-load-complete=&quot;true&quot;&gt;&lt;/iframe&gt;
  (Session info: chrome=139.0.7258.128)
Build info: version: &#039;4.11.0&#039;, revision: &#039;040bc5406b&#039;
System info: os.name: &#039;Mac OS X&#039;, os.arch: &#039;x86_64&#039;, os.version: &#039;12.7.6&#039;, java.version: &#039;21.0.7&#039;
Driver info: org.openqa.selenium.chrome.ChromeDriver
Command: [a0d87d7ee72890356f75f56fe4889c79, clickElement {id=f.D60941CC2E341269220C24D68B4E8266.d.7AE5C1BF4B6D7D90C6F82215C18D384A.e.64}]
Capabilities {acceptInsecureCerts: false, browserName: chrome, browserVersion: 139.0.7258.128, chrome: {chromedriverVersion: 139.0.7258.68 (40ff94600b6e..., userDataDir: /var/folders/ml/k6srj4vj4qd...}, fedcm:accounts: true, goog:chromeOptions: {debuggerAddress: localhost:56069}, networkConnectionEnabled: false, pageLoadStrategy: normal, platformName: mac, proxy: Proxy(), se:cdp: ws://localhost:56069/devtoo..., se:cdpVersion: 139.0.7258.128, setWindowRect: true, strictFileInteractability: false, timeouts: {implicit: 0, pageLoad: 300000, script: 30000}, unhandledPromptBehavior: dismiss and notify, webauthn:extension:credBlob: true, webauthn:extension:largeBlob: true, webauthn:extension:minPinLength: true, webauthn:extension:prf: true, webauthn:virtualAuthenticators: true}
Element: [[ChromeDriver: chrome on mac (a0d87d7ee72890356f75f56fe4889c79)] -&gt; id: tool-2]
Session ID: a0d87d7ee72890356f75f56fe4889c79" type="org.openqa.selenium.ElementClickInterceptedException">
      <![CDATA[org.openqa.selenium.ElementClickInterceptedException: element click intercepted: Element <input id="tool-2" name="tool" style="font-size:14px;margin:0;padding:0;vertical-align:baseline" type="checkbox" value="Selenium Webdriver"> is not clickable at point (526, 659). Other element would receive the click: <iframe frameborder="0" src="https://3e0c284cfe1bbd71030c0c15283074ec.safeframe.googlesyndication.com/safeframe/1-0-45/html/container.html" id="google_ads_iframe_/23202726502,22662382379/techlistic_com-medrectangle-2_0" title="3rd party ad content" name="" scrolling="no" marginwidth="0" marginheight="0" width="1005" height="124" data-is-safeframe="true" sandbox="allow-forms allow-popups allow-popups-to-escape-sandbox allow-same-origin allow-scripts allow-top-navigation-by-user-activation" allow="private-state-token-redemption;attribution-reporting" aria-label="Advertisement" tabindex="0" data-google-container-id="3" style="border: 0px; vertical-align: bottom; display: block; margin: 0px auto; max-height: 30vh !important; overflow: hidden !important;" data-load-complete="true"></iframe>
  (Session info: chrome=139.0.7258.128)
Build info: version: '4.11.0', revision: '040bc5406b'
System info: os.name: 'Mac OS X', os.arch: 'x86_64', os.version: '12.7.6', java.version: '21.0.7'
Driver info: org.openqa.selenium.chrome.ChromeDriver
Command: [a0d87d7ee72890356f75f56fe4889c79, clickElement {id=f.D60941CC2E341269220C24D68B4E8266.d.7AE5C1BF4B6D7D90C6F82215C18D384A.e.64}]
Capabilities {acceptInsecureCerts: false, browserName: chrome, browserVersion: 139.0.7258.128, chrome: {chromedriverVersion: 139.0.7258.68 (40ff94600b6e..., userDataDir: /var/folders/ml/k6srj4vj4qd...}, fedcm:accounts: true, goog:chromeOptions: {debuggerAddress: localhost:56069}, networkConnectionEnabled: false, pageLoadStrategy: normal, platformName: mac, proxy: Proxy(), se:cdp: ws://localhost:56069/devtoo..., se:cdpVersion: 139.0.7258.128, setWindowRect: true, strictFileInteractability: false, timeouts: {implicit: 0, pageLoad: 300000, script: 30000}, unhandledPromptBehavior: dismiss and notify, webauthn:extension:credBlob: true, webauthn:extension:largeBlob: true, webauthn:extension:minPinLength: true, webauthn:extension:prf: true, webauthn:virtualAuthenticators: true}
Element: [[ChromeDriver: chrome on mac (a0d87d7ee72890356f75f56fe4889c79)] -> id: tool-2]
Session ID: a0d87d7ee72890356f75f56fe4889c79
at java.base/jdk.internal.reflect.DirectConstructorHandleAccessor.newInstance(DirectConstructorHandleAccessor.java:62)
at java.base/java.lang.reflect.Constructor.newInstanceWithCaller(Constructor.java:502)
at java.base/java.lang.reflect.Constructor.newInstance(Constructor.java:486)
at org.openqa.selenium.remote.codec.w3c.W3CHttpResponseCodec.createException(W3CHttpResponseCodec.java:200)
at org.openqa.selenium.remote.codec.w3c.W3CHttpResponseCodec.decode(W3CHttpResponseCodec.java:133)
at org.openqa.selenium.remote.codec.w3c.W3CHttpResponseCodec.decode(W3CHttpResponseCodec.java:52)
at org.openqa.selenium.remote.HttpCommandExecutor.execute(HttpCommandExecutor.java:191)
at org.openqa.selenium.remote.service.DriverCommandExecutor.invokeExecute(DriverCommandExecutor.java:196)
at org.openqa.selenium.remote.service.DriverCommandExecutor.execute(DriverCommandExecutor.java:171)
at org.openqa.selenium.remote.RemoteWebDriver.execute(RemoteWebDriver.java:518)
at org.openqa.selenium.remote.RemoteWebElement.execute(RemoteWebElement.java:224)
at org.openqa.selenium.remote.RemoteWebElement.click(RemoteWebElement.java:77)
at test_ng.FormFillingTest.selectProfessionAndTools(FormFillingTest.java:86)
at java.base/jdk.internal.reflect.DirectMethodHandleAccessor.invoke(DirectMethodHandleAccessor.java:103)
at java.base/java.lang.reflect.Method.invoke(Method.java:580)
at org.testng.internal.invokers.MethodInvocationHelper.invokeMethod(MethodInvocationHelper.java:141)
at org.testng.internal.invokers.TestInvoker.invokeMethod(TestInvoker.java:687)
at org.testng.internal.invokers.TestInvoker.invokeTestMethod(TestInvoker.java:230)
at org.testng.internal.invokers.MethodRunner.runInSequence(MethodRunner.java:63)
at org.testng.internal.invokers.TestInvoker$MethodInvocationAgent.invoke(TestInvoker.java:995)
at org.testng.internal.invokers.TestInvoker.invokeTestMethods(TestInvoker.java:203)
at org.testng.internal.invokers.TestMethodWorker.invokeTestMethods(TestMethodWorker.java:154)
at org.testng.internal.invokers.TestMethodWorker.run(TestMethodWorker.java:134)
at java.base/java.util.ArrayList.forEach(ArrayList.java:1596)
at org.testng.TestRunner.privateRun(TestRunner.java:741)
at org.testng.TestRunner.run(TestRunner.java:616)
at org.testng.SuiteRunner.runTest(SuiteRunner.java:421)
at org.testng.SuiteRunner.runSequentially(SuiteRunner.java:413)
at org.testng.SuiteRunner.privateRun(SuiteRunner.java:373)
at org.testng.SuiteRunner.run(SuiteRunner.java:312)
at org.testng.SuiteRunnerWorker.runSuite(SuiteRunnerWorker.java:52)
at org.testng.SuiteRunnerWorker.run(SuiteRunnerWorker.java:95)
at org.testng.TestNG.runSuitesSequentially(TestNG.java:1274)
at org.testng.TestNG.runSuitesLocally(TestNG.java:1208)
at org.testng.TestNG.runSuites(TestNG.java:1112)
at org.testng.TestNG.run(TestNG.java:1079)
at org.testng.remote.AbstractRemoteTestNG.run(AbstractRemoteTestNG.java:115)
at org.testng.remote.RemoteTestNG.initAndRun(RemoteTestNG.java:293)
at org.testng.remote.RemoteTestNG.main(RemoteTestNG.java:91)
]]>
    </error>
  </testcase> <!-- selectProfessionAndTools -->
  <testcase classname="test_ng.FormFillingTest" name="selectDropdowns" time="0.000">
    <skipped/>
  </testcase> <!-- selectDropdowns -->
  <testcase classname="test_ng.FormFillingTest" name="uploadFile" time="0.003">
    <skipped/>
  </testcase> <!-- uploadFile -->
  <testcase classname="test_ng.FormFillingTest" name="submitForm" time="0.001">
    <skipped/>
  </testcase> <!-- submitForm -->
</testsuite> <!-- test_ng.FormFillingTest -->
